#
# A fatal error has been detected by the Java Runtime Environment:
#
#  EXCEPTION_ACCESS_VIOLATION (0xc0000005) at pc=0x0000000002432e35, pid=4640, tid=0x00000000000024c0
#
# JRE version: Java(TM) SE Runtime Environment (8.0_241-b07) (build 1.8.0_241-b07)
# Java VM: Java HotSpot(TM) 64-Bit Server VM (25.241-b07 mixed mode windows-amd64 compressed oops)
# Problematic frame:
# j  javax.swing.GroupLayout$Spring.getPreferredSize(I)I+16
#
# Failed to write core dump. Minidumps are not enabled by default on client versions of Windows
#
# If you would like to submit a bug report, please visit:
#   http://bugreport.java.com/bugreport/crash.jsp
#

---------------  T H R E A D  ---------------

Current thread (0x0000000015ffe800):  JavaThread "AWT-EventQueue-0" [_thread_in_Java, id=9408, stack(0x0000000016b70000,0x0000000016c70000)]

siginfo: ExceptionCode=0xc0000005, reading address 0x0000080016c6d420

Registers:
RAX=0x00000000000000c8, RBX=0x0000000016c6d418, RCX=0x0000000000000010, RDX=0x0000080016c6d418
RSP=0x0000000016c6d418, RBP=0x0000000016c6d458, RSI=0x0000000000000108, RDI=0x0000000000000145
R8 =0x0000000000007fff, R9 =0x000000000000000c, R10=0x0000000067514800, R11=0x000000000258ca80
R12=0x0000000000000000, R13=0x0000000013c428fa, R14=0x0000000016c6d470, R15=0x0000000015ffe800
RIP=0x0000000002432e35, EFLAGS=0x0000000000010206

Top of Stack: (sp=0x0000000016c6d418)
0x0000000016c6d418:   0000080016c6d418 0000000013c428f0
0x0000000016c6d428:   0000000016c6d470 0000000017567d78
0x0000000016c6d438:   0000000000000000 0000000013c42908
0x0000000016c6d448:   0000000000000000 0000000016c6d468
0x0000000016c6d458:   0000000016c6d4b8 0000000002417da0
0x0000000016c6d468:   0000000000000000 00000000ef6b0d20
0x0000000016c6d478:   0000000016c6d478 0000000013c4183c
0x0000000016c6d488:   0000000016c6d4e0 0000000017567fc8
0x0000000016c6d498:   0000000000000000 0000000013c41860
0x0000000016c6d4a8:   0000000016c6d468 0000000016c6d4c8
0x0000000016c6d4b8:   0000000016c6d540 0000000002417da0
0x0000000016c6d4c8:   0000000000000001 0000000000000000
0x0000000016c6d4d8:   00000000ef6b0d20 00000000ef6b0be8
0x0000000016c6d4e8:   000000000000003d 00000000ef6b0be8
0x0000000016c6d4f8:   00000000ef6b0be8 0000000016c6d500
0x0000000016c6d508:   0000000013c4173e 0000000016c6d578 

Instructions: (pc=0x0000000002432e35)
0x0000000002432e15:   b9 18 5f 34 67 00 00 00 00 48 ba be 2d 43 02 00
0x0000000002432e25:   00 00 00 4c 8b c4 48 83 e4 f0 e8 fc 53 bc 64 f4
0x0000000002432e35:   48 81 7a 08 00 00 00 00 0f 85 dd fe ff ff 48 83
0x0000000002432e45:   c2 10 48 3b d3 75 e9 80 3d 15 a0 0e 65 00 0f 84 


Register to memory mapping:

RAX=0x00000000000000c8 is an unknown value
RBX=0x0000000016c6d418 is pointing into the stack for thread: 0x0000000015ffe800
RCX=0x0000000000000010 is an unknown value
RDX=0x0000080016c6d418 is an unknown value
RSP=0x0000000016c6d418 is pointing into the stack for thread: 0x0000000015ffe800
RBP=0x0000000016c6d458 is pointing into the stack for thread: 0x0000000015ffe800
RSI=0x0000000000000108 is an unknown value
RDI=0x0000000000000145 is an unknown value
R8 =0x0000000000007fff is an unknown value
R9 =0x000000000000000c is an unknown value
R10=0x0000000067514800 is an unknown value
R11=0x000000000258ca80 is at entry_point+0 in (nmethod*)0x000000000258c950
R12=0x0000000000000000 is an unknown value
R13=0x0000000013c428fa is pointing into metadata
R14=0x0000000016c6d470 is pointing into the stack for thread: 0x0000000015ffe800
R15=0x0000000015ffe800 is a thread


Stack: [0x0000000016b70000,0x0000000016c70000],  sp=0x0000000016c6d418,  free space=1013k
Native frames: (J=compiled Java code, j=interpreted, Vv=VM code, C=native code)
C  0x0000000002432e35


---------------  P R O C E S S  ---------------

Java Threads: ( => current thread )
  0x000000000084d800 JavaThread "DestroyJavaVM" [_thread_blocked, id=4428, stack(0x0000000002190000,0x0000000002290000)]
=>0x0000000015ffe800 JavaThread "AWT-EventQueue-0" [_thread_in_Java, id=9408, stack(0x0000000016b70000,0x0000000016c70000)]
  0x0000000015f98800 JavaThread "AWT-Windows" daemon [_thread_in_native, id=9204, stack(0x00000000165a0000,0x00000000166a0000)]
  0x0000000015f95800 JavaThread "AWT-Shutdown" [_thread_blocked, id=2328, stack(0x00000000164a0000,0x00000000165a0000)]
  0x0000000015fea000 JavaThread "Java2D Disposer" daemon [_thread_blocked, id=4564, stack(0x00000000163a0000,0x00000000164a0000)]
  0x000000001437e000 JavaThread "Service Thread" daemon [_thread_blocked, id=9484, stack(0x0000000016060000,0x0000000016160000)]
  0x000000001433d000 JavaThread "C1 CompilerThread2" daemon [_thread_blocked, id=992, stack(0x0000000015b60000,0x0000000015c60000)]
  0x000000001432b000 JavaThread "C2 CompilerThread1" daemon [_thread_blocked, id=8296, stack(0x0000000015a60000,0x0000000015b60000)]
  0x0000000014322800 JavaThread "C2 CompilerThread0" daemon [_thread_blocked, id=7728, stack(0x0000000015960000,0x0000000015a60000)]
  0x0000000014321800 JavaThread "Attach Listener" daemon [_thread_blocked, id=8784, stack(0x0000000015860000,0x0000000015960000)]
  0x0000000014325800 JavaThread "Signal Dispatcher" daemon [_thread_blocked, id=4144, stack(0x0000000015760000,0x0000000015860000)]
  0x000000000240b000 JavaThread "Finalizer" daemon [_thread_blocked, id=4572, stack(0x0000000015570000,0x0000000015670000)]
  0x0000000002402000 JavaThread "Reference Handler" daemon [_thread_blocked, id=544, stack(0x0000000015470000,0x0000000015570000)]

Other Threads:
  0x00000000142e7800 VMThread [stack: 0x0000000015370000,0x0000000015470000] [id=8736]
  0x0000000015cb2000 WatcherThread [stack: 0x0000000016160000,0x0000000016260000] [id=2556]

VM state:not at safepoint (normal execution)

VM Mutex/Monitor currently owned by a thread: None

heap address: 0x00000000cd400000, size: 812 MB, Compressed Oops mode: 32-bit
Narrow klass base: 0x0000000000000000, Narrow klass shift: 3
Compressed class space size: 1073741824 Address: 0x0000000100000000

Heap:
 PSYoungGen      total 15360K, used 8015K [0x00000000ef180000, 0x00000000f0280000, 0x0000000100000000)
  eden space 13312K, 60% used [0x00000000ef180000,0x00000000ef953d88,0x00000000efe80000)
  from space 2048K, 0% used [0x00000000f0080000,0x00000000f0080000,0x00000000f0280000)
  to   space 2048K, 0% used [0x00000000efe80000,0x00000000efe80000,0x00000000f0080000)
 ParOldGen       total 35840K, used 0K [0x00000000cd400000, 0x00000000cf700000, 0x00000000ef180000)
  object space 35840K, 0% used [0x00000000cd400000,0x00000000cd400000,0x00000000cf700000)
 Metaspace       used 11678K, capacity 11926K, committed 12160K, reserved 1060864K
  class space    used 1560K, capacity 1651K, committed 1664K, reserved 1048576K

Card table byte_map: [0x00000000117d0000,0x0000000011970000] byte_map_base: 0x0000000011166000

Marking Bits: (ParMarkBitMap*) 0x000000006752be30
 Begin Bits: [0x0000000011e80000, 0x0000000012b30000)
 End Bits:   [0x0000000012b30000, 0x00000000137e0000)

Polling page: 0x00000000003f0000

CodeCache: size=245760Kb used=2615Kb max_used=2615Kb free=243144Kb
 bounds [0x0000000002410000, 0x00000000026a0000, 0x0000000011410000]
 total_blobs=1112 nmethods=659 adapters=366
 compilation: enabled

Compilation events (10 events):
Event: 0.988 Thread 0x000000001433d000  654   !   3       sun.font.TrueTypeFont::getTableBuffer (199 bytes)
Event: 0.989 Thread 0x000000001433d000 nmethod 654 0x000000000269b110 code [0x000000000269b3a0, 0x000000000269c6b8]
Event: 0.992 Thread 0x000000001433d000  655       3       java.nio.Bits::getCharB (16 bytes)
Event: 0.993 Thread 0x000000001433d000 nmethod 655 0x000000000269d290 code [0x000000000269d400, 0x000000000269d758]
Event: 0.993 Thread 0x000000001433d000  656       3       java.nio.Bits::makeChar (12 bytes)
Event: 0.993 Thread 0x000000001433d000 nmethod 656 0x000000000269da50 code [0x000000000269dba0, 0x000000000269dcf0]
Event: 0.993 Thread 0x000000001433d000  657       3       java.nio.ByteBufferAsCharBufferB::get (16 bytes)
Event: 0.993 Thread 0x000000001433d000 nmethod 657 0x000000000269dd50 code [0x000000000269df00, 0x000000000269e508]
Event: 0.998 Thread 0x000000001433d000  659       3       java.awt.Component::getFont (5 bytes)
Event: 0.999 Thread 0x000000001433d000 nmethod 659 0x000000000269eb10 code [0x000000000269eca0, 0x000000000269f1a8]

GC Heap History (0 events):
No events

Deoptimization events (5 events):
Event: 0.434 Thread 0x000000000084d800 Uncommon trap: reason=null_check action=make_not_entrant pc=0x000000000258fd54 method=java.lang.String.equals(Ljava/lang/Object;)Z @ 8
Event: 0.779 Thread 0x0000000015ffe800 Uncommon trap: reason=unstable_if action=reinterpret pc=0x00000000026389a4 method=java.util.HashMap.putVal(ILjava/lang/Object;Ljava/lang/Object;ZZ)Ljava/lang/Object; @ 109
Event: 0.779 Thread 0x0000000015ffe800 Uncommon trap: reason=unstable_if action=reinterpret pc=0x00000000026306bc method=java.util.HashMap.putVal(ILjava/lang/Object;Ljava/lang/Object;ZZ)Ljava/lang/Object; @ 109
Event: 0.833 Thread 0x0000000015ffe800 Uncommon trap: reason=unstable_if action=reinterpret pc=0x0000000002648418 method=java.lang.String.toLowerCase(Ljava/util/Locale;)Ljava/lang/String; @ 37
Event: 0.833 Thread 0x0000000015ffe800 Uncommon trap: reason=unstable_if action=reinterpret pc=0x0000000002632cc0 method=java.lang.CharacterData.of(I)Ljava/lang/CharacterData; @ 4

Classes redefined (0 events):
No events

Internal exceptions (10 events):
Event: 0.527 Thread 0x000000000084d800 Exception <a 'java/lang/ClassNotFoundException': ToolBar> (0x00000000ef4cb258) thrown at [C:\ade\jenkins\workspace\8-2-build-windows-amd64-cygwin\jdk8u241\331\hotspot\src\share\vm\classfile\systemDictionary.cpp, line 210]
Event: 0.527 Thread 0x000000000084d800 Exception <a 'java/lang/ClassNotFoundException': ToggleButton> (0x00000000ef4cb808) thrown at [C:\ade\jenkins\workspace\8-2-build-windows-amd64-cygwin\jdk8u241\331\hotspot\src\share\vm\classfile\systemDictionary.cpp, line 210]
Event: 0.527 Thread 0x000000000084d800 Exception <a 'java/lang/ClassNotFoundException': javax/swing/JToolBarSeparator> (0x00000000ef4cbc68) thrown at [C:\ade\jenkins\workspace\8-2-build-windows-amd64-cygwin\jdk8u241\331\hotspot\src\share\vm\classfile\systemDictionary.cpp, line 210]
Event: 0.527 Thread 0x000000000084d800 Exception <a 'java/lang/ClassNotFoundException': ToolBarSeparator> (0x00000000ef4cc100) thrown at [C:\ade\jenkins\workspace\8-2-build-windows-amd64-cygwin\jdk8u241\331\hotspot\src\share\vm\classfile\systemDictionary.cpp, line 210]
Event: 0.527 Thread 0x000000000084d800 Exception <a 'java/lang/ClassNotFoundException': ToolTip> (0x00000000ef4cc840) thrown at [C:\ade\jenkins\workspace\8-2-build-windows-amd64-cygwin\jdk8u241\331\hotspot\src\share\vm\classfile\systemDictionary.cpp, line 210]
Event: 0.528 Thread 0x000000000084d800 Exception <a 'java/lang/ClassNotFoundException': Tree> (0x00000000ef4cd460) thrown at [C:\ade\jenkins\workspace\8-2-build-windows-amd64-cygwin\jdk8u241\331\hotspot\src\share\vm\classfile\systemDictionary.cpp, line 210]
Event: 0.529 Thread 0x000000000084d800 Exception <a 'java/lang/ClassNotFoundException': Tree> (0x00000000ef4cdba0) thrown at [C:\ade\jenkins\workspace\8-2-build-windows-amd64-cygwin\jdk8u241\331\hotspot\src\share\vm\classfile\systemDictionary.cpp, line 210]
Event: 0.529 Thread 0x000000000084d800 Exception <a 'java/lang/ClassNotFoundException': javax/swing/JTreeCell> (0x00000000ef4cdf20) thrown at [C:\ade\jenkins\workspace\8-2-build-windows-amd64-cygwin\jdk8u241\331\hotspot\src\share\vm\classfile\systemDictionary.cpp, line 210]
Event: 0.529 Thread 0x000000000084d800 Exception <a 'java/lang/ClassNotFoundException': TreeCell> (0x00000000ef4ce3a8) thrown at [C:\ade\jenkins\workspace\8-2-build-windows-amd64-cygwin\jdk8u241\331\hotspot\src\share\vm\classfile\systemDictionary.cpp, line 210]
Event: 0.529 Thread 0x000000000084d800 Exception <a 'java/lang/ClassNotFoundException': RootPane> (0x00000000ef4cee08) thrown at [C:\ade\jenkins\workspace\8-2-build-windows-amd64-cygwin\jdk8u241\331\hotspot\src\share\vm\classfile\systemDictionary.cpp, line 210]

Events (10 events):
Event: 0.992 loading class sun/font/FontStrikeDisposer
Event: 0.992 loading class sun/java2d/Disposer$PollDisposable
Event: 0.992 loading class sun/java2d/Disposer$PollDisposable done
Event: 0.992 loading class sun/font/FontStrikeDisposer done
Event: 0.993 loading class sun/font/StrikeCache$SoftDisposerRef
Event: 0.993 loading class sun/font/StrikeCache$DisposableStrike
Event: 0.993 loading class sun/font/StrikeCache$DisposableStrike done
Event: 0.993 loading class sun/font/StrikeCache$SoftDisposerRef done
Event: 0.993 loading class sun/font/FontDesignMetrics$KeyReference
Event: 0.993 loading class sun/font/FontDesignMetrics$KeyReference done


Dynamic libraries:
0x00007ff65e610000 - 0x00007ff65e647000 	C:\Program Files\Java\jdk1.8.0_241\bin\java.exe
0x00007ffeae920000 - 0x00007ffeaeb01000 	C:\WINDOWS\SYSTEM32\ntdll.dll
0x00007ffea2e40000 - 0x00007ffea2e55000 	C:\Program Files\AVAST Software\Avast\aswhook.dll
0x00007ffead3f0000 - 0x00007ffead4a1000 	C:\WINDOWS\System32\KERNEL32.DLL
0x00007ffeab6a0000 - 0x00007ffeab913000 	C:\WINDOWS\System32\KERNELBASE.dll
0x00007ffeac310000 - 0x00007ffeac3b1000 	C:\WINDOWS\System32\ADVAPI32.dll
0x00007ffeacb10000 - 0x00007ffeacbae000 	C:\WINDOWS\System32\msvcrt.dll
0x00007ffeac1e0000 - 0x00007ffeac23b000 	C:\WINDOWS\System32\sechost.dll
0x00007ffeac750000 - 0x00007ffeac874000 	C:\WINDOWS\System32\RPCRT4.dll
0x00007ffeabde0000 - 0x00007ffeabf70000 	C:\WINDOWS\System32\USER32.dll
0x00007ffeab4a0000 - 0x00007ffeab4c0000 	C:\WINDOWS\System32\win32u.dll
0x00007ffeabdb0000 - 0x00007ffeabdd8000 	C:\WINDOWS\System32\GDI32.dll
0x00007ffeab920000 - 0x00007ffeabab1000 	C:\WINDOWS\System32\gdi32full.dll
0x00007ffeab400000 - 0x00007ffeab49f000 	C:\WINDOWS\System32\msvcp_win.dll
0x00007ffeabcb0000 - 0x00007ffeabda8000 	C:\WINDOWS\System32\ucrtbase.dll
0x00007ffe9f020000 - 0x00007ffe9f289000 	C:\WINDOWS\WinSxS\amd64_microsoft.windows.common-controls_6595b64144ccf1df_6.0.17134.829_none_fb46a5473061b9d5\COMCTL32.dll
0x00007ffead010000 - 0x00007ffead332000 	C:\WINDOWS\System32\combase.dll
0x00007ffeab570000 - 0x00007ffeab5ea000 	C:\WINDOWS\System32\bcryptPrimitives.dll
0x00007ffeabf70000 - 0x00007ffeabf9d000 	C:\WINDOWS\System32\IMM32.DLL
0x0000000066c20000 - 0x0000000066cf2000 	C:\Program Files\Java\jdk1.8.0_241\jre\bin\msvcr100.dll
0x0000000066d00000 - 0x00000000675ac000 	C:\Program Files\Java\jdk1.8.0_241\jre\bin\server\jvm.dll
0x00007ffeac3c0000 - 0x00007ffeac3c8000 	C:\WINDOWS\System32\PSAPI.DLL
0x00007ffea9040000 - 0x00007ffea9049000 	C:\WINDOWS\SYSTEM32\WSOCK32.dll
0x00007ffeac240000 - 0x00007ffeac2ac000 	C:\WINDOWS\System32\WS2_32.dll
0x00007ffea7750000 - 0x00007ffea7773000 	C:\WINDOWS\SYSTEM32\WINMM.dll
0x00007ffea2870000 - 0x00007ffea287a000 	C:\WINDOWS\SYSTEM32\VERSION.dll
0x00007ffea7720000 - 0x00007ffea774a000 	C:\WINDOWS\SYSTEM32\WINMMBASE.dll
0x00007ffeab650000 - 0x00007ffeab699000 	C:\WINDOWS\System32\cfgmgr32.dll
0x00007ffea6ed0000 - 0x00007ffea6edf000 	C:\Program Files\Java\jdk1.8.0_241\jre\bin\verify.dll
0x00007ffe9bf10000 - 0x00007ffe9bf39000 	C:\Program Files\Java\jdk1.8.0_241\jre\bin\java.dll
0x00007ffea6370000 - 0x00007ffea6386000 	C:\Program Files\Java\jdk1.8.0_241\jre\bin\zip.dll
0x00007ffead4b0000 - 0x00007ffeae8f0000 	C:\WINDOWS\System32\SHELL32.dll
0x00007ffead340000 - 0x00007ffead3e9000 	C:\WINDOWS\System32\shcore.dll
0x00007ffeaacf0000 - 0x00007ffeab3fd000 	C:\WINDOWS\System32\windows.storage.dll
0x00007ffeac2b0000 - 0x00007ffeac301000 	C:\WINDOWS\System32\shlwapi.dll
0x00007ffeaac60000 - 0x00007ffeaac71000 	C:\WINDOWS\System32\kernel.appcore.dll
0x00007ffeaac40000 - 0x00007ffeaac5f000 	C:\WINDOWS\System32\profapi.dll
0x00007ffeaaca0000 - 0x00007ffeaacec000 	C:\WINDOWS\System32\powrprof.dll
0x00007ffeaac30000 - 0x00007ffeaac3a000 	C:\WINDOWS\System32\FLTLIB.DLL
0x00007ffe88150000 - 0x00007ffe882ea000 	C:\Program Files\Java\jdk1.8.0_241\jre\bin\awt.dll
0x00007ffeabfb0000 - 0x00007ffeac072000 	C:\WINDOWS\System32\OLEAUT32.dll
0x00007ffea8c30000 - 0x00007ffea8cbb000 	C:\WINDOWS\SYSTEM32\apphelp.dll
0x00007ffea9190000 - 0x00007ffea9228000 	C:\WINDOWS\system32\uxtheme.dll
0x00007ffeac5d0000 - 0x00007ffeac743000 	C:\WINDOWS\System32\MSCTF.dll
0x00007ffea93e0000 - 0x00007ffea9409000 	C:\WINDOWS\system32\dwmapi.dll
0x00007ffeac080000 - 0x00007ffeac1d1000 	C:\WINDOWS\System32\ole32.dll
0x00007ffe99430000 - 0x00007ffe99479000 	C:\Program Files\Java\jdk1.8.0_241\jre\bin\fontmanager.dll
0x00007ffe934b0000 - 0x00007ffe935d0000 	C:\WINDOWS\system32\opengl32.dll
0x00007ffea5de0000 - 0x00007ffea5e0c000 	C:\WINDOWS\SYSTEM32\GLU32.dll
0x00007ffeac530000 - 0x00007ffeac5d0000 	C:\WINDOWS\System32\clbcatq.dll
0x00007ffea7060000 - 0x00007ffea720e000 	C:\WINDOWS\SYSTEM32\WindowsCodecs.dll
0x00007ffe94010000 - 0x00007ffe94068000 	C:\WINDOWS\system32\dataexchange.dll
0x00007ffea7e10000 - 0x00007ffea811b000 	C:\WINDOWS\system32\d3d11.dll
0x00007ffea8550000 - 0x00007ffea86ec000 	C:\WINDOWS\system32\dcomp.dll
0x00007ffea9a00000 - 0x00007ffea9abb000 	C:\WINDOWS\system32\dxgi.dll
0x00007ffea9570000 - 0x00007ffea9728000 	C:\WINDOWS\system32\twinapi.appcore.dll
0x00007ffea94c0000 - 0x00007ffea94e9000 	C:\WINDOWS\system32\RMCLIENT.dll
0x00007ffea3470000 - 0x00007ffea348a000 	C:\Program Files\Java\jdk1.8.0_241\jre\bin\net.dll
0x00007ffeaa450000 - 0x00007ffeaa4b6000 	C:\WINDOWS\system32\mswsock.dll
0x00007ffe9bef0000 - 0x00007ffe9bf02000 	C:\Program Files\Java\jdk1.8.0_241\jre\bin\nio.dll
0x00007ffe99060000 - 0x00007ffe990a2000 	C:\Program Files\Java\jdk1.8.0_241\jre\bin\t2k.dll
0x00007ffea8e50000 - 0x00007ffea9019000 	C:\WINDOWS\SYSTEM32\dbghelp.dll

VM Arguments:
jvm_args: -Dfile.encoding=UTF-8 
java_command: View.Level_Easy
java_class_path (initial): C:\Program Files\NetBeans 8.0.2\ide\modules\ext\mysql-connector-java-5.1.23-bin.jar;D:\TTSku\TTS\build\classes
Launcher Type: SUN_STANDARD

Environment Variables:
PATH=C:\Program Files (x86)\Common Files\Oracle\Java\javapath;C:\WINDOWS\system32;C:\WINDOWS;C:\WINDOWS\System32\Wbem;C:\WINDOWS\System32\WindowsPowerShell\v1.0\;C:\Program Files (x86)\Windows Live\Shared;C:\WINDOWS\System32\OpenSSH\;C:\Program Files\MySQL\MySQL Shell 8.0\bin\;C:\Users\ASUS\AppData\Local\Microsoft\WindowsApps;
USERNAME=ASUS
OS=Windows_NT
PROCESSOR_IDENTIFIER=Intel64 Family 6 Model 61 Stepping 4, GenuineIntel



---------------  S Y S T E M  ---------------

OS: Windows 10.0 , 64 bit Build 17134 (10.0.17134.753)

CPU:total 4 (initial active 4) (2 cores per cpu, 2 threads per core) family 6 model 61 stepping 4, cmov, cx8, fxsr, mmx, sse, sse2, sse3, ssse3, sse4.1, sse4.2, popcnt, avx, avx2, aes, clmul, erms, 3dnowpref, lzcnt, ht, tsc, tscinvbit, bmi1, bmi2, adx

Memory: 4k page, physical 3321252k(925024k free), swap 5549476k(2619380k free)

vm_info: Java HotSpot(TM) 64-Bit Server VM (25.241-b07) for windows-amd64 JRE (1.8.0_241-b07), built on Dec 11 2019 10:21:40 by "rejava" with MS VC++ 10.0 (VS2010)

time: Thu Jun 25 15:15:15 2020
timezone: SE Asia Standard Time
elapsed time: 1 seconds (0d 0h 0m 1s)

